<?xml version="1.0" encoding="UTF-8"?>
<testng-results skipped="0" failed="1" total="1" passed="0">
  <reporter-output>
    <line>
      <![CDATA[<br>]]>
    </line>
    <line>
      <![CDATA[<a class="cbutton" href="..\Log.log">Click to Open Log File</a>]]>
    </line>
  </reporter-output>
  <suite name="Default suite" duration-ms="97783" started-at="2015-07-24T07:20:05Z" finished-at="2015-07-24T07:21:43Z">
    <groups>
    </groups>
    <test name="Default test" duration-ms="97783" started-at="2015-07-24T07:20:05Z" finished-at="2015-07-24T07:21:43Z">
      <class name="com.testsuite.slideshow.SlideShowTests">
        <test-method status="PASS" signature="beforeSuite()[pri:0, instance:com.testsuite.slideshow.SlideShowTests@2d56d401]" name="beforeSuite" is-config="true" duration-ms="19807" started-at="2015-07-24T12:49:45Z" finished-at="2015-07-24T12:50:05Z">
          <reporter-output>
          </reporter-output>
        </test-method> <!-- beforeSuite -->
        <test-method status="PASS" signature="initializeBaseSetup(java.lang.String, org.testng.ITestContext)[pri:0, instance:com.testsuite.slideshow.SlideShowTests@2d56d401]" name="initializeBaseSetup" is-config="true" duration-ms="790" started-at="2015-07-24T12:50:05Z" finished-at="2015-07-24T12:50:06Z">
          <params>
            <param index="0">
              <value is-null="true"/>
            </param>
            <param index="1">
              <value>
                <![CDATA[org.testng.TestRunner@15b1b6f0]]>
              </value>
            </param>
          </params>
          <reporter-output>
          </reporter-output>
        </test-method> <!-- initializeBaseSetup -->
        <test-method status="PASS" signature="classSetUp()[pri:0, instance:com.testsuite.slideshow.SlideShowTests@2d56d401]" name="classSetUp" is-config="true" duration-ms="8" started-at="2015-07-24T12:50:06Z" depends-on-methods="com.base.BaseSetup.initializeBaseSetup" finished-at="2015-07-24T12:50:06Z">
          <reporter-output>
          </reporter-output>
        </test-method> <!-- classSetUp -->
        <test-method status="PASS" signature="reLaunch(java.lang.String, org.testng.ITestContext)[pri:0, instance:com.testsuite.slideshow.SlideShowTests@2d56d401]" name="reLaunch" is-config="true" duration-ms="16712" started-at="2015-07-24T12:50:06Z" finished-at="2015-07-24T12:50:23Z">
          <params>
            <param index="0">
              <value is-null="true"/>
            </param>
            <param index="1">
              <value>
                <![CDATA[org.testng.TestRunner@15b1b6f0]]>
              </value>
            </param>
          </params>
          <reporter-output>
          </reporter-output>
        </test-method> <!-- reLaunch -->
        <test-method status="FAIL" signature="CarouselClickNextSlide(java.lang.String)[pri:0, instance:com.testsuite.slideshow.SlideShowTests@2d56d401]" name="CarouselClickNextSlide" duration-ms="67709" started-at="2015-07-24T12:50:23Z" data-provider="Login" finished-at="2015-07-24T12:51:31Z">
          <params>
            <param index="0">
              <value>
                <![CDATA[NO]]>
              </value>
            </param>
          </params>
          <exception class="java.lang.NumberFormatException">
            <message>
              <![CDATA[For input string: ""]]>
            </message>
            <full-stacktrace>
              <![CDATA[java.lang.NumberFormatException: For input string: ""
	at java.lang.NumberFormatException.forInputString(NumberFormatException.java:65)
	at java.lang.Integer.parseInt(Integer.java:504)
	at java.lang.Integer.parseInt(Integer.java:527)
	at com.testsuite.slideshow.SlideShowTests.CarouselClickNextSlide(SlideShowTests.java:632)
	at sun.reflect.NativeMethodAccessorImpl.invoke0(Native Method)
	at sun.reflect.NativeMethodAccessorImpl.invoke(NativeMethodAccessorImpl.java:57)
	at sun.reflect.DelegatingMethodAccessorImpl.invoke(DelegatingMethodAccessorImpl.java:43)
	at java.lang.reflect.Method.invoke(Method.java:601)
	at org.testng.internal.MethodInvocationHelper.invokeMethod(MethodInvocationHelper.java:84)
	at org.testng.internal.Invoker.invokeMethod(Invoker.java:714)
	at org.testng.internal.Invoker.invokeTestMethod(Invoker.java:901)
	at org.testng.internal.Invoker.invokeTestMethods(Invoker.java:1231)
	at org.testng.internal.TestMethodWorker.invokeTestMethods(TestMethodWorker.java:127)
	at org.testng.internal.TestMethodWorker.run(TestMethodWorker.java:111)
	at org.testng.TestRunner.privateRun(TestRunner.java:767)
	at org.testng.TestRunner.run(TestRunner.java:617)
	at org.testng.SuiteRunner.runTest(SuiteRunner.java:334)
	at org.testng.SuiteRunner.runSequentially(SuiteRunner.java:329)
	at org.testng.SuiteRunner.privateRun(SuiteRunner.java:291)
	at org.testng.SuiteRunner.run(SuiteRunner.java:240)
	at org.testng.SuiteRunnerWorker.runSuite(SuiteRunnerWorker.java:52)
	at org.testng.SuiteRunnerWorker.run(SuiteRunnerWorker.java:86)
	at org.testng.TestNG.runSuitesSequentially(TestNG.java:1224)
	at org.testng.TestNG.runSuitesLocally(TestNG.java:1149)
	at org.testng.TestNG.run(TestNG.java:1057)
	at org.testng.remote.RemoteTestNG.run(RemoteTestNG.java:111)
	at org.testng.remote.RemoteTestNG.initAndRun(RemoteTestNG.java:204)
	at org.testng.remote.RemoteTestNG.main(RemoteTestNG.java:175)
]]>
            </full-stacktrace>
          </exception> <!-- java.lang.NumberFormatException -->
          <reporter-output>
          </reporter-output>
        </test-method> <!-- CarouselClickNextSlide -->
        <test-method status="PASS" signature="quit(org.testng.ITestResult)[pri:0, instance:com.testsuite.slideshow.SlideShowTests@2d56d401]" name="quit" is-config="true" duration-ms="12449" started-at="2015-07-24T12:51:31Z" finished-at="2015-07-24T12:51:43Z">
          <params>
            <param index="0">
              <value>
                <![CDATA[[TestResult name=CarouselClickNextSlide status=FAILURE method=SlideShowTests.CarouselClickNextSlide(java.lang.String)[pri:0, instance:com.testsuite.slideshow.SlideShowTests@2d56d401] output={null}]]]>
              </value>
            </param>
          </params>
          <reporter-output>
          </reporter-output>
        </test-method> <!-- quit -->
        <test-method status="PASS" signature="CloseBrowser()[pri:0, instance:com.testsuite.slideshow.SlideShowTests@2d56d401]" name="CloseBrowser" is-config="true" duration-ms="1" started-at="2015-07-24T12:51:43Z" finished-at="2015-07-24T12:51:43Z">
          <reporter-output>
          </reporter-output>
        </test-method> <!-- CloseBrowser -->
        <test-method status="PASS" signature="AddLogFileToReport()[pri:0, instance:com.testsuite.slideshow.SlideShowTests@2d56d401]" name="AddLogFileToReport" is-config="true" duration-ms="1" started-at="2015-07-24T12:51:43Z" finished-at="2015-07-24T12:51:43Z">
          <reporter-output>
            <line>
              <![CDATA[<br>]]>
            </line>
            <line>
              <![CDATA[<a class="cbutton" href="..\Log.log">Click to Open Log File</a>]]>
            </line>
          </reporter-output>
        </test-method> <!-- AddLogFileToReport -->
      </class> <!-- com.testsuite.slideshow.SlideShowTests -->
    </test> <!-- Default test -->
  </suite> <!-- Default suite -->
</testng-results>
