<?xml version="1.0" encoding="UTF-8"?>
<!-- Generated by org.testng.reporters.JUnitReportReporter -->
<testsuite hostname="Hello" name="com.testsuite.UeListTest.UeListTest" tests="1" failures="0" timestamp="21 Jul 2015 11:40:40 GMT" time="60.143" errors="1">
  <testcase name="TwitterSigninuser" time="60.143" classname="com.testsuite.UeListTest.UeListTest">
    <error type="java.lang.AssertionError" message="Element By.id: //div[@class=&#039;float relative authSocialBtns width60&#039;]/span[@id=&#039;loginDialog_twitter&#039;] was not clickable in time - 15
com.selenium.Sync.waitUntilClickable(Sync.java:226)
com.selenium.SafeActions.safeClick(SafeActions.java:69)
com.pageobjects.uelist.UeListPage.clickOntwittersignin(UeListPage.java:2230)
com.testsuite.UeListTest.UeListTest.TwitterSigninuser(UeListTest.java:2079)
sun.reflect.NativeMethodAccessorImpl.invoke0(Native Method)
sun.reflect.NativeMethodAccessorImpl.invoke(NativeMethodAccessorImpl.java:57)
sun.reflect.DelegatingMethodAccessorImpl.invoke(DelegatingMethodAccessorImpl.java:43)
java.lang.reflect.Method.invoke(Method.java:601)
org.testng.internal.MethodInvocationHelper.invokeMethod(MethodInvocationHelper.java:84)
org.testng.internal.Invoker.invokeMethod(Invoker.java:714)
org.testng.internal.Invoker.invokeTestMethod(Invoker.java:901)
org.testng.internal.Invoker.invokeTestMethods(Invoker.java:1231)
org.testng.internal.TestMethodWorker.invokeTestMethods(TestMethodWorker.java:127)
org.testng.internal.TestMethodWorker.run(TestMethodWorker.java:111)
org.testng.TestRunner.privateRun(TestRunner.java:767)
org.testng.TestRunner.run(TestRunner.java:617)
org.testng.SuiteRunner.runTest(SuiteRunner.java:334)
org.testng.SuiteRunner.runSequentially(SuiteRunner.java:329)
org.testng.SuiteRunner.privateRun(SuiteRunner.java:291)
org.testng.SuiteRunner.run(SuiteRunner.java:240)
org.testng.SuiteRunnerWorker.runSuite(SuiteRunnerWorker.java:52)
org.testng.SuiteRunnerWorker.run(SuiteRunnerWorker.java:86)
org.testng.TestNG.runSuitesSequentially(TestNG.java:1224)
org.testng.TestNG.runSuitesLocally(TestNG.java:1149)
org.testng.TestNG.run(TestNG.java:1057)
org.testng.remote.RemoteTestNG.run(RemoteTestNG.java:111)
org.testng.remote.RemoteTestNG.initAndRun(RemoteTestNG.java:204)
org.testng.remote.RemoteTestNG.main(RemoteTestNG.java:175)">
      <![CDATA[java.lang.AssertionError: Element By.id: //div[@class='float relative authSocialBtns width60']/span[@id='loginDialog_twitter'] was not clickable in time - 15
com.selenium.Sync.waitUntilClickable(Sync.java:226)
com.selenium.SafeActions.safeClick(SafeActions.java:69)
com.pageobjects.uelist.UeListPage.clickOntwittersignin(UeListPage.java:2230)
com.testsuite.UeListTest.UeListTest.TwitterSigninuser(UeListTest.java:2079)
sun.reflect.NativeMethodAccessorImpl.invoke0(Native Method)
sun.reflect.NativeMethodAccessorImpl.invoke(NativeMethodAccessorImpl.java:57)
sun.reflect.DelegatingMethodAccessorImpl.invoke(DelegatingMethodAccessorImpl.java:43)
java.lang.reflect.Method.invoke(Method.java:601)
org.testng.internal.MethodInvocationHelper.invokeMethod(MethodInvocationHelper.java:84)
org.testng.internal.Invoker.invokeMethod(Invoker.java:714)
org.testng.internal.Invoker.invokeTestMethod(Invoker.java:901)
org.testng.internal.Invoker.invokeTestMethods(Invoker.java:1231)
org.testng.internal.TestMethodWorker.invokeTestMethods(TestMethodWorker.java:127)
org.testng.internal.TestMethodWorker.run(TestMethodWorker.java:111)
org.testng.TestRunner.privateRun(TestRunner.java:767)
org.testng.TestRunner.run(TestRunner.java:617)
org.testng.SuiteRunner.runTest(SuiteRunner.java:334)
org.testng.SuiteRunner.runSequentially(SuiteRunner.java:329)
org.testng.SuiteRunner.privateRun(SuiteRunner.java:291)
org.testng.SuiteRunner.run(SuiteRunner.java:240)
org.testng.SuiteRunnerWorker.runSuite(SuiteRunnerWorker.java:52)
org.testng.SuiteRunnerWorker.run(SuiteRunnerWorker.java:86)
org.testng.TestNG.runSuitesSequentially(TestNG.java:1224)
org.testng.TestNG.runSuitesLocally(TestNG.java:1149)
org.testng.TestNG.run(TestNG.java:1057)
org.testng.remote.RemoteTestNG.run(RemoteTestNG.java:111)
org.testng.remote.RemoteTestNG.initAndRun(RemoteTestNG.java:204)
org.testng.remote.RemoteTestNG.main(RemoteTestNG.java:175)
	at org.testng.Assert.fail(Assert.java:94)
	at com.selenium.Sync.waitUntilClickable(Sync.java:226)
	at com.selenium.SafeActions.safeClick(SafeActions.java:69)
	at com.pageobjects.uelist.UeListPage.clickOntwittersignin(UeListPage.java:2230)
	at com.testsuite.UeListTest.UeListTest.TwitterSigninuser(UeListTest.java:2079)
	at sun.reflect.NativeMethodAccessorImpl.invoke0(Native Method)
	at sun.reflect.NativeMethodAccessorImpl.invoke(NativeMethodAccessorImpl.java:57)
	at sun.reflect.DelegatingMethodAccessorImpl.invoke(DelegatingMethodAccessorImpl.java:43)
	at java.lang.reflect.Method.invoke(Method.java:601)
	at org.testng.internal.MethodInvocationHelper.invokeMethod(MethodInvocationHelper.java:84)
	at org.testng.internal.Invoker.invokeMethod(Invoker.java:714)
	at org.testng.internal.Invoker.invokeTestMethod(Invoker.java:901)
	at org.testng.internal.Invoker.invokeTestMethods(Invoker.java:1231)
	at org.testng.internal.TestMethodWorker.invokeTestMethods(TestMethodWorker.java:127)
	at org.testng.internal.TestMethodWorker.run(TestMethodWorker.java:111)
	at org.testng.TestRunner.privateRun(TestRunner.java:767)
	at org.testng.TestRunner.run(TestRunner.java:617)
	at org.testng.SuiteRunner.runTest(SuiteRunner.java:334)
	at org.testng.SuiteRunner.runSequentially(SuiteRunner.java:329)
	at org.testng.SuiteRunner.privateRun(SuiteRunner.java:291)
	at org.testng.SuiteRunner.run(SuiteRunner.java:240)
	at org.testng.SuiteRunnerWorker.runSuite(SuiteRunnerWorker.java:52)
	at org.testng.SuiteRunnerWorker.run(SuiteRunnerWorker.java:86)
	at org.testng.TestNG.runSuitesSequentially(TestNG.java:1224)
	at org.testng.TestNG.runSuitesLocally(TestNG.java:1149)
	at org.testng.TestNG.run(TestNG.java:1057)
	at org.testng.remote.RemoteTestNG.run(RemoteTestNG.java:111)
	at org.testng.remote.RemoteTestNG.initAndRun(RemoteTestNG.java:204)
	at org.testng.remote.RemoteTestNG.main(RemoteTestNG.java:175)
]]>
    </error>
  </testcase> <!-- TwitterSigninuser -->
</testsuite> <!-- com.testsuite.UeListTest.UeListTest -->
